<?xml version="1.0" encoding="UTF-8"?>
<!-- Generated by org.testng.reporters.JUnitReportReporter -->
<testsuite skipped="0" hostname="Shirishas-MacBook-Pro.local" name="com.automation.LoginTest" tests="7" failures="0" timestamp="03 Apr 2020 07:10:40 GMT" time="8.723" errors="0">
  <testcase name="registrationOfUser" time="1.447" classname="com.automation.LoginTest"/>
  <testcase name="login" time="1.215" classname="com.automation.LoginTest"/>
  <testcase name="loginWithEmptyBody" time="1.155" classname="com.automation.LoginTest"/>
  <testcase name="loginWithInvalidEmaid" time="1.323" classname="com.automation.LoginTest"/>
  <testcase name="loginWithInvalidPassword" time="1.376" classname="com.automation.LoginTest"/>
  <testcase name="loginWithoutEmailId" time="1.097" classname="com.automation.LoginTest"/>
  <testcase name="loginWithoutPassword" time="1.110" classname="com.automation.LoginTest"/>
</testsuite> <!-- com.automation.LoginTest -->
