<?xml version="1.0" encoding="UTF-8"?>
<!-- Generated by org.testng.reporters.JUnitReportReporter -->
<testsuite skipped="0" hostname="Shirishas-MacBook-Pro.local" name="com.automation.SignUpTest" tests="6" failures="0" timestamp="03 Apr 2020 07:10:35 GMT" time="9.197" errors="0">
  <testcase name="registrationOfUser" time="2.857" classname="com.automation.SignUpTest"/>
  <testcase name="registrationOfUserWithExistingEmail" time="1.645" classname="com.automation.SignUpTest"/>
  <testcase name="signUpWithEmptyBody" time="1.127" classname="com.automation.SignUpTest"/>
  <testcase name="signUpWithoutName" time="1.229" classname="com.automation.SignUpTest"/>
  <testcase name="signUpWithoutEmail" time="1.106" classname="com.automation.SignUpTest"/>
  <testcase name="signUpWithoutpassword" time="1.233" classname="com.automation.SignUpTest"/>
</testsuite> <!-- com.automation.SignUpTest -->
