<?xml version="1.0" encoding="UTF-8"?>
<!-- Generated by org.testng.reporters.JUnitReportReporter -->
<testsuite skipped="0" hostname="Shirishas-MacBook-Pro.local" name="com.automation.SignUpAndSignInFlowTest" tests="2" failures="0" timestamp="03 Apr 2020 07:06:20 GMT" time="3.090" errors="0">
  <testcase name="registrationOfUser" time="1.812" classname="com.automation.SignUpAndSignInFlowTest"/>
  <testcase name="login" time="1.278" classname="com.automation.SignUpAndSignInFlowTest"/>
</testsuite> <!-- com.automation.SignUpAndSignInFlowTest -->
