<?xml version="1.0" encoding="UTF-8"?>
<!-- Generated by org.testng.reporters.JUnitReportReporter -->
<testsuite skipped="0" hostname="Shirishas-MacBook-Pro.local" name="com.automation.SignUpTest" tests="6" failures="0" timestamp="03 Apr 2020 07:06:15 GMT" time="10.806" errors="0">
  <testcase name="registrationOfUser" time="2.964" classname="com.automation.SignUpTest"/>
  <testcase name="registrationOfUserWithExistingEmail" time="1.776" classname="com.automation.SignUpTest"/>
  <testcase name="signUpWithEmptyBody" time="1.583" classname="com.automation.SignUpTest"/>
  <testcase name="signUpWithoutName" time="1.210" classname="com.automation.SignUpTest"/>
  <testcase name="signUpWithoutEmail" time="1.937" classname="com.automation.SignUpTest"/>
  <testcase name="signUpWithoutpassword" time="1.336" classname="com.automation.SignUpTest"/>
</testsuite> <!-- com.automation.SignUpTest -->
